/*C2*/SET SCHEMA PUBLIC
CREATE TABLE WIKI_PAGE (\u000a   NAME VARCHAR(100) PRIMARY KEY,\u000a   CONTENT VARCHAR(200),\u000a   UPDATE_TIME DATETIME\u000a)
DROP TABLE WIKI_PAGE IF EXISTS
CREATE TABLE WIKI_PAGE (\u000a   NAME VARCHAR(100) PRIMARY KEY,\u000a   CONTENT VARCHAR(200),\u000a   UPDATE_TIME TIME DEFAULT CURRENT_TIME\u000a)
INSERT INTO WIKI_PAGE VALUES('welcome','\u3088\u3046\u3053\u305d PuchiWiki\u3078','20:12:39')
COMMIT
INSERT INTO WIKI_PAGE VALUES('\u3066\u3059\u3068','\u3066\u3059\u3068','20:12:39')
COMMIT
INSERT INTO WIKI_PAGE VALUES('\u3066\u3059\u3068\uff12','\u3066\u3059\u3068','20:12:39')
COMMIT
INSERT INTO WIKI_PAGE VALUES('\u30d5\u30a9\u30fc\u30de\u30c3\u30c8','\u30d5\u30a9\u30fc\u30de\u30c3\u30c8\u306e\u30c6\u30b9\u30c8\u000a\u30ea\u30f3\u30af http://google.com/ \u000a\u30bf\u30b0 <>\u000a\u30bf\u30d6 [\u0009]\u000a','20:12:45')
COMMIT
ROLLBACK
ROLLBACK
ROLLBACK
INSERT INTO WIKI_PAGE VALUES('\u30b5\u30fc\u30d6\u30ec\u30c3\u30c8','\u3042\u3042\u3042','20:14:00')
COMMIT
DELETE FROM WIKI_PAGE WHERE NAME='welcome'
DELETE FROM WIKI_PAGE WHERE NAME='\u3066\u3059\u3068'
DELETE FROM WIKI_PAGE WHERE NAME='\u3066\u3059\u3068\uff12'
DELETE FROM WIKI_PAGE WHERE NAME='\u30b5\u30fc\u30d6\u30ec\u30c3\u30c8'
DELETE FROM WIKI_PAGE WHERE NAME='\u30d5\u30a9\u30fc\u30de\u30c3\u30c8'
COMMIT
ROLLBACK
DROP TABLE WIKI_PAGE IF EXISTS
CREATE TABLE WIKI_PAGE (\u000a   NAME VARCHAR(100) PRIMARY KEY,\u000a   CONTENT VARCHAR(200),\u000a   UPDATE_TIME DATETIME DEFAULT CURRENT_TIMESTAMP\u000a)
ROLLBACK
INSERT INTO WIKI_PAGE VALUES('welcome','\u3088\u3046\u3053\u305d PuchiWiki\u3078','2010-04-08 20:20:49.781000')
COMMIT
ROLLBACK
INSERT INTO WIKI_PAGE VALUES('\u30b5\u30fc\u30d6\u30ec\u30c3\u30c8','\u3042\u3042\u3042','2010-06-01 20:20:20.000000')
COMMIT
DROP TABLE WIKI_PAGE IF EXISTS
CREATE TABLE WIKI_PAGE (\u000a   NAME VARCHAR(100) PRIMARY KEY,\u000a   CONTENT VARCHAR(200),\u000a   UPDATE_TIME TIMESTAMP  DEFAULT CURRENT_TIMESTAMP\u000a)
INSERT INTO WIKI_PAGE VALUES('\u30b5\u30fc\u30d6\u30ec\u30c3\u30c8','\u3042\u3042\u3042','2010-06-01 00:00:00.000000')
COMMIT
DELETE FROM WIKI_PAGE WHERE NAME='\u30b5\u30fc\u30d6\u30ec\u30c3\u30c8'
COMMIT
INSERT INTO WIKI_PAGE VALUES('welcome','\u3088\u3046\u3053\u305d PuchiWiki\u3078','2010-04-08 20:24:20.931000')
COMMIT
INSERT INTO WIKI_PAGE VALUES('\u3066\u3059\u3068','\u3066\u3059\u3068','2010-04-08 20:24:20.931000')
COMMIT
INSERT INTO WIKI_PAGE VALUES('\u3066\u3059\u3068\uff12','\u3066\u3059\u3068','2010-04-08 20:24:20.931000')
COMMIT
INSERT INTO WIKI_PAGE VALUES('\u30d5\u30a9\u30fc\u30de\u30c3\u30c8','\u30d5\u30a9\u30fc\u30de\u30c3\u30c8\u306e\u30c6\u30b9\u30c8\u000a\u30ea\u30f3\u30af http://google.com/ \u000a\u30bf\u30b0 <>\u000a\u30bf\u30d6 [\u0009]\u000a','2010-04-08 20:24:20.931000')
COMMIT
INSERT INTO WIKI_PAGE VALUES('\u30b5\u30fc\u30d6\u30ec\u30c3\u30c8','\u3042\u3042\u3042','2010-06-01 00:00:00.000000')
COMMIT
INSERT INTO WIKI_PAGE VALUES('JSF','\u3042\u3042\u3042','2010-06-01 00:00:00.000000')
COMMIT
INSERT INTO WIKI_PAGE VALUES('Annotation','\u3042\u3042\u3042','2010-06-01 00:00:00.000000')
COMMIT
INSERT INTO WIKI_PAGE VALUES('ResultSet','\u3042\u3042\u3042','2010-06-01 00:00:00.000000')
COMMIT
INSERT INTO WIKI_PAGE VALUES('Java','\u3042\u3042\u3042','2010-06-01 00:00:00.000000')
COMMIT
/*C3*/SET SCHEMA PUBLIC
DISCONNECT
/*C4*/SET SCHEMA PUBLIC
DISCONNECT
/*C5*/SET SCHEMA PUBLIC
ROLLBACK
DISCONNECT
/*C2*/ROLLBACK
/*C6*/SET SCHEMA PUBLIC
DELETE FROM WIKI_PAGE WHERE NAME='welcome'
INSERT INTO WIKI_PAGE VALUES('welcome','\u3088\u3046\u3053\u305d PuchiWiki\u3078\u000d\u000a\u000d\u000aWiki\u306f\u8ab0\u3082\u304c\u66f8\u304d\u8fbc\u3081\u308bWeb\u4e0a\u306e\u000d\u000a\u30b3\u30e9\u30dc\u30ec\u30fc\u30b7\u30e7\u30f3\u30c4\u30fc\u30eb\u3089\u3057\u3044\u3067\u3059\u3002','2010-04-08 20:24:20.931000')
COMMIT
DISCONNECT
/*C7*/SET SCHEMA PUBLIC
DISCONNECT
/*C8*/SET SCHEMA PUBLIC
DISCONNECT
/*C2*/DROP TABLE WIKI_PAGE IF EXISTS
CREATE TABLE WIKI_PAGE (\u000a   NAME VARCHAR(100) PRIMARY KEY,\u000a   CONTENT VARCHAR(200),\u000a   UPDATE_TIME TIMESTAMP  DEFAULT CURRENT_TIMESTAMP\u000a)
INSERT INTO WIKI_PAGE VALUES('welcome','\u3088\u3046\u3053\u305d PuchiWiki\u3078\u000a\u000aWiki\u306f\u8ab0\u3082\u304c\u66f8\u304d\u8fbc\u3081\u308bWeb\u4e0a\u306e\u000a\u30b3\u30e9\u30dc\u30ec\u30fc\u30b7\u30e7\u30f3\u30c4\u30fc\u30eb\u3089\u3057\u3044\u3067\u3059\u3002','2010-04-08 20:32:27.316000')
COMMIT
INSERT INTO WIKI_PAGE VALUES('\u3066\u3059\u3068','\u3066\u3059\u3068','2010-04-08 20:32:27.316000')
COMMIT
INSERT INTO WIKI_PAGE VALUES('\u3066\u3059\u3068\uff12','\u3066\u3059\u3068','2010-04-08 20:32:27.316000')
COMMIT
INSERT INTO WIKI_PAGE VALUES('\u30d5\u30a9\u30fc\u30de\u30c3\u30c8','\u30d5\u30a9\u30fc\u30de\u30c3\u30c8\u306e\u30c6\u30b9\u30c8\u000a\u30ea\u30f3\u30af http://google.com/ \u000a\u30bf\u30b0 <>\u000a\u30bf\u30d6 [\u0009]\u000a','2010-04-08 20:32:27.316000')
COMMIT
/*C9*/SET SCHEMA PUBLIC
DISCONNECT
/*C10*/SET SCHEMA PUBLIC
DISCONNECT
/*C2*/INSERT INTO WIKI_PAGE VALUES('\u30b5\u30fc\u30d6\u30ec\u30c3\u30c8','\u3042\u3042\u3042','2010-06-01 00:00:00.000000')
COMMIT
INSERT INTO WIKI_PAGE VALUES('JSF','\u3042\u3042\u3042','2010-06-01 00:00:00.000000')
COMMIT
INSERT INTO WIKI_PAGE VALUES('Annotation','\u3042\u3042\u3042','2010-06-01 00:00:00.000000')
COMMIT
INSERT INTO WIKI_PAGE VALUES('ResultSet','\u3042\u3042\u3042','2010-06-01 00:00:00.000000')
COMMIT
INSERT INTO WIKI_PAGE VALUES('Java','\u3042\u3042\u3042','2010-06-01 00:00:00.000000')
COMMIT
/*C11*/SET SCHEMA PUBLIC
DISCONNECT
/*C2*/DELETE FROM WIKI_PAGE WHERE NAME='Annotation'
DELETE FROM WIKI_PAGE WHERE NAME='JSF'
DELETE FROM WIKI_PAGE WHERE NAME='Java'
DELETE FROM WIKI_PAGE WHERE NAME='ResultSet'
DELETE FROM WIKI_PAGE WHERE NAME='welcome'
DELETE FROM WIKI_PAGE WHERE NAME='\u3066\u3059\u3068'
DELETE FROM WIKI_PAGE WHERE NAME='\u3066\u3059\u3068\uff12'
DELETE FROM WIKI_PAGE WHERE NAME='\u30b5\u30fc\u30d6\u30ec\u30c3\u30c8'
DELETE FROM WIKI_PAGE WHERE NAME='\u30d5\u30a9\u30fc\u30de\u30c3\u30c8'
COMMIT
INSERT INTO WIKI_PAGE VALUES('welcome','\u3088\u3046\u3053\u305d PuchiWiki\u3078\u000a\u000aWiki\u306f\u8ab0\u3082\u304c\u66f8\u304d\u8fbc\u3081\u308bWeb\u4e0a\u306e\u000a\u30b3\u30e9\u30dc\u30ec\u30fc\u30b7\u30e7\u30f3\u30c4\u30fc\u30eb\u3089\u3057\u3044\u3067\u3059\u3002','2010-04-08 20:35:15.112000')
COMMIT
INSERT INTO WIKI_PAGE VALUES('\u3066\u3059\u3068','\u3066\u3059\u3068','2010-04-08 20:35:15.112000')
COMMIT
INSERT INTO WIKI_PAGE VALUES('\u3066\u3059\u3068\uff12','\u3066\u3059\u3068','2010-04-08 20:35:15.112000')
COMMIT
INSERT INTO WIKI_PAGE VALUES('\u30d5\u30a9\u30fc\u30de\u30c3\u30c8','\u30d5\u30a9\u30fc\u30de\u30c3\u30c8\u306e\u30c6\u30b9\u30c8\u000a\u30ea\u30f3\u30af http://google.com/ \u000a\u30bf\u30b0 <>\u000a\u30bf\u30d6 [\u0009]\u000a','2010-04-08 20:35:15.112000')
COMMIT
INSERT INTO WIKI_PAGE VALUES('\u30b5\u30fc\u30d6\u30ec\u30c3\u30c8','\u3042\u3042\u3042','2010-02-01 00:00:00.000000')
COMMIT
INSERT INTO WIKI_PAGE VALUES('JSF','\u3042\u3042\u3042','2010-02-02 00:00:00.000000')
COMMIT
INSERT INTO WIKI_PAGE VALUES('Annotation','\u3042\u3042\u3042','2010-02-03 00:00:00.000000')
COMMIT
INSERT INTO WIKI_PAGE VALUES('ResultSet','\u3042\u3042\u3042','2010-02-04 00:00:00.000000')
COMMIT
INSERT INTO WIKI_PAGE VALUES('Java','\u3042\u3042\u3042','2010-02-05 00:00:00.000000')
COMMIT
/*C12*/SET SCHEMA PUBLIC
DISCONNECT
/*C2*/DELETE FROM WIKI_PAGE WHERE NAME='Annotation'
DELETE FROM WIKI_PAGE WHERE NAME='JSF'
DELETE FROM WIKI_PAGE WHERE NAME='Java'
DELETE FROM WIKI_PAGE WHERE NAME='ResultSet'
DELETE FROM WIKI_PAGE WHERE NAME='welcome'
DELETE FROM WIKI_PAGE WHERE NAME='\u3066\u3059\u3068'
DELETE FROM WIKI_PAGE WHERE NAME='\u3066\u3059\u3068\uff12'
DELETE FROM WIKI_PAGE WHERE NAME='\u30b5\u30fc\u30d6\u30ec\u30c3\u30c8'
DELETE FROM WIKI_PAGE WHERE NAME='\u30d5\u30a9\u30fc\u30de\u30c3\u30c8'
COMMIT
INSERT INTO WIKI_PAGE VALUES('\u3066\u3059\u3068','\u3066\u3059\u3068','2010-04-08 20:37:04.940000')
COMMIT
INSERT INTO WIKI_PAGE VALUES('\u3066\u3059\u3068\uff12','\u3066\u3059\u3068','2010-04-08 20:37:04.940000')
COMMIT
INSERT INTO WIKI_PAGE VALUES('\u30d5\u30a9\u30fc\u30de\u30c3\u30c8','\u30d5\u30a9\u30fc\u30de\u30c3\u30c8\u306e\u30c6\u30b9\u30c8\u000a\u30ea\u30f3\u30af http://google.com/ \u000a\u30bf\u30b0 <>\u000a\u30bf\u30d6 [\u0009]\u000a','2010-04-08 20:37:04.940000')
COMMIT
INSERT INTO WIKI_PAGE VALUES('welcome','\u3088\u3046\u3053\u305d PuchiWiki\u3078\u000a\u000aWiki\u306f\u8ab0\u3082\u304c\u66f8\u304d\u8fbc\u3081\u308bWeb\u4e0a\u306e\u000a\u30b3\u30e9\u30dc\u30ec\u30fc\u30b7\u30e7\u30f3\u30c4\u30fc\u30eb\u3089\u3057\u3044\u3067\u3059\u3002','2010-04-08 20:37:04.940000')
COMMIT
INSERT INTO WIKI_PAGE VALUES('\u30b5\u30fc\u30d6\u30ec\u30c3\u30c8','\u3042\u3042\u3042','2010-02-05 00:00:00.000000')
COMMIT
INSERT INTO WIKI_PAGE VALUES('JSF','\u3042\u3042\u3042','2010-02-04 00:00:00.000000')
COMMIT
INSERT INTO WIKI_PAGE VALUES('Annotation','\u3042\u3042\u3042','2010-02-03 00:00:00.000000')
COMMIT
INSERT INTO WIKI_PAGE VALUES('ResultSet','\u3042\u3042\u3042','2010-02-02 00:00:00.000000')
COMMIT
INSERT INTO WIKI_PAGE VALUES('Java','\u3042\u3042\u3042','2010-02-01 00:00:00.000000')
COMMIT
/*C13*/SET SCHEMA PUBLIC
DISCONNECT
/*C14*/SET SCHEMA PUBLIC
DISCONNECT
/*C15*/SET SCHEMA PUBLIC
INSERT INTO WIKI_PAGE VALUES('\u306a\u307e\u3059\u3066','\u3042\u3044\u3055\u3064\u306e\u8a00\u8449','2010-04-08 20:42:03.916000')
COMMIT
DISCONNECT
/*C16*/SET SCHEMA PUBLIC
DISCONNECT
/*C2*/DISCONNECT
